{ level: 'error', timestamp: '2025-11-08T15:59:03.580Z' }
{
  message: 'Unhandled error: User not found',
  stack: 'Error: User not found\n' +
    '    at findUser (file:///C:/Users/shiv/developer/PizzaApp-Backend/src/repository/userRepository.js:14:11)\n' +
    '    at process.processTicksAndRejections (node:internal/process/task_queues:105:5)\n' +
    '    at async file:///C:/Users/shiv/developer/PizzaApp-Backend/src/service/userService.js:14:24\n' +
    '    at async file:///C:/Users/shiv/developer/PizzaApp-Backend/src/utils/errors/errorHandler.js:10:14\n' +
    '    at async createUserController (file:///C:/Users/shiv/developer/PizzaApp-Backend/src/controller/userController.js:7:22)',
  type: 'Error',
  level: 'error',
  timestamp: '2025-11-08T15:59:03.588Z'
}
{ level: 'error', timestamp: '2025-11-08T15:59:56.755Z' }
{
  message: 'Unhandled error: User not found',
  stack: 'Error: User not found\n' +
    '    at findUser (file:///C:/Users/shiv/developer/PizzaApp-Backend/src/repository/userRepository.js:14:11)\n' +
    '    at process.processTicksAndRejections (node:internal/process/task_queues:105:5)\n' +
    '    at async file:///C:/Users/shiv/developer/PizzaApp-Backend/src/service/userService.js:14:24\n' +
    '    at async file:///C:/Users/shiv/developer/PizzaApp-Backend/src/utils/errors/errorHandler.js:10:14\n' +
    '    at async createUserController (file:///C:/Users/shiv/developer/PizzaApp-Backend/src/controller/userController.js:7:22)',
  type: 'Error',
  level: 'error',
  timestamp: '2025-11-08T15:59:56.757Z'
}
{ level: 'error', timestamp: '2025-11-08T16:00:10.515Z' }
{
  message: 'Unhandled error: User not found',
  stack: 'Error: User not found\n' +
    '    at findUser (file:///C:/Users/shiv/developer/PizzaApp-Backend/src/repository/userRepository.js:14:11)\n' +
    '    at process.processTicksAndRejections (node:internal/process/task_queues:105:5)\n' +
    '    at async file:///C:/Users/shiv/developer/PizzaApp-Backend/src/service/userService.js:14:24\n' +
    '    at async file:///C:/Users/shiv/developer/PizzaApp-Backend/src/utils/errors/errorHandler.js:10:14\n' +
    '    at async createUserController (file:///C:/Users/shiv/developer/PizzaApp-Backend/src/controller/userController.js:7:22)',
  type: 'Error',
  level: 'error',
  timestamp: '2025-11-08T16:00:10.517Z'
}
{ level: 'error', timestamp: '2025-11-08T16:00:32.852Z' }
{
  message: 'Unhandled error: User not found',
  stack: 'Error: User not found\n' +
    '    at findUser (file:///C:/Users/shiv/developer/PizzaApp-Backend/src/repository/userRepository.js:14:11)\n' +
    '    at process.processTicksAndRejections (node:internal/process/task_queues:105:5)\n' +
    '    at async file:///C:/Users/shiv/developer/PizzaApp-Backend/src/service/userService.js:14:24\n' +
    '    at async file:///C:/Users/shiv/developer/PizzaApp-Backend/src/utils/errors/errorHandler.js:10:14\n' +
    '    at async createUserController (file:///C:/Users/shiv/developer/PizzaApp-Backend/src/controller/userController.js:7:22)',
  type: 'Error',
  level: 'error',
  timestamp: '2025-11-08T16:00:32.860Z'
}
{ level: 'error', timestamp: '2025-11-08T16:14:48.686Z' }
{
  message: 'Unhandled error: User.findUser is not a function',
  stack: 'TypeError: User.findUser is not a function\n' +
    '    at file:///C:/Users/shiv/developer/PizzaApp-Backend/src/service/userService.js:15:35\n' +
    '    at file:///C:/Users/shiv/developer/PizzaApp-Backend/src/utils/errors/errorHandler.js:10:20\n' +
    '    at createUserController (file:///C:/Users/shiv/developer/PizzaApp-Backend/src/controller/userController.js:7:28)\n' +
    '    at Layer.handleRequest (C:\\Users\\shiv\\developer\\PizzaApp-Backend\\node_modules\\router\\lib\\layer.js:152:17)\n' +
    '    at next (C:\\Users\\shiv\\developer\\PizzaApp-Backend\\node_modules\\router\\lib\\route.js:157:13)\n' +
    '    at Route.dispatch (C:\\Users\\shiv\\developer\\PizzaApp-Backend\\node_modules\\router\\lib\\route.js:117:3)\n' +
    '    at handle (C:\\Users\\shiv\\developer\\PizzaApp-Backend\\node_modules\\router\\index.js:435:11)\n' +
    '    at Layer.handleRequest (C:\\Users\\shiv\\developer\\PizzaApp-Backend\\node_modules\\router\\lib\\layer.js:152:17)\n' +
    '    at C:\\Users\\shiv\\developer\\PizzaApp-Backend\\node_modules\\router\\index.js:295:15\n' +
    '    at processParams (C:\\Users\\shiv\\developer\\PizzaApp-Backend\\node_modules\\router\\index.js:582:12)',
  type: 'TypeError',
  level: 'error',
  timestamp: '2025-11-08T16:14:48.692Z'
}
{ level: 'error', timestamp: '2025-11-08T16:14:56.905Z' }
{
  message: 'Unhandled error: User.findUser is not a function',
  stack: 'TypeError: User.findUser is not a function\n' +
    '    at file:///C:/Users/shiv/developer/PizzaApp-Backend/src/service/userService.js:15:35\n' +
    '    at file:///C:/Users/shiv/developer/PizzaApp-Backend/src/utils/errors/errorHandler.js:10:20\n' +
    '    at createUserController (file:///C:/Users/shiv/developer/PizzaApp-Backend/src/controller/userController.js:7:28)\n' +
    '    at Layer.handleRequest (C:\\Users\\shiv\\developer\\PizzaApp-Backend\\node_modules\\router\\lib\\layer.js:152:17)\n' +
    '    at next (C:\\Users\\shiv\\developer\\PizzaApp-Backend\\node_modules\\router\\lib\\route.js:157:13)\n' +
    '    at Route.dispatch (C:\\Users\\shiv\\developer\\PizzaApp-Backend\\node_modules\\router\\lib\\route.js:117:3)\n' +
    '    at handle (C:\\Users\\shiv\\developer\\PizzaApp-Backend\\node_modules\\router\\index.js:435:11)\n' +
    '    at Layer.handleRequest (C:\\Users\\shiv\\developer\\PizzaApp-Backend\\node_modules\\router\\lib\\layer.js:152:17)\n' +
    '    at C:\\Users\\shiv\\developer\\PizzaApp-Backend\\node_modules\\router\\index.js:295:15\n' +
    '    at processParams (C:\\Users\\shiv\\developer\\PizzaApp-Backend\\node_modules\\router\\index.js:582:12)',
  type: 'TypeError',
  level: 'error',
  timestamp: '2025-11-08T16:14:56.906Z'
}
{
  errorLabelSet: Set(0) {},
  errorResponse: {
    index: 0,
    code: 11000,
    errmsg: 'E11000 duplicate key error collection: test.tempusers index: userName_1 dup key: { userName: "vedant@123" }',
    keyPattern: { userName: 1 },
    keyValue: { userName: 'vedant@123' }
  },
  index: 0,
  code: 11000,
  keyPattern: { userName: 1 },
  keyValue: { userName: 'vedant@123' },
  level: 'error',
  timestamp: '2025-11-08T16:22:58.146Z'
}
{
  errorLabelSet: Set(0) {},
  errorResponse: {
    index: 0,
    code: 11000,
    errmsg: 'E11000 duplicate key error collection: test.tempusers index: userName_1 dup key: { userName: "vedant@123" }',
    keyPattern: { userName: 1 },
    keyValue: { userName: 'vedant@123' }
  },
  index: 0,
  code: 11000,
  keyPattern: { userName: 1 },
  keyValue: { userName: 'vedant@123' },
  level: 'error',
  timestamp: '2025-11-08T16:26:11.470Z'
}
{ level: 'error', timestamp: '2025-11-08T16:28:46.445Z' }
{
  message: 'Unhandled error: OTP already sent! Please verify your email.',
  stack: 'Error: OTP already sent! Please verify your email.\n' +
    '    at file:///C:/Users/shiv/developer/PizzaApp-Backend/src/service/userService.js:22:11\n' +
    '    at process.processTicksAndRejections (node:internal/process/task_queues:105:5)\n' +
    '    at async file:///C:/Users/shiv/developer/PizzaApp-Backend/src/utils/errors/errorHandler.js:10:14\n' +
    '    at async createUserController (file:///C:/Users/shiv/developer/PizzaApp-Backend/src/controller/userController.js:7:22)',
  type: 'Error',
  level: 'error',
  timestamp: '2025-11-08T16:28:46.447Z'
}
{ level: 'error', timestamp: '2025-11-08T16:32:09.801Z' }
{
  message: "Unhandled error: Cannot read properties of undefined (reading 'email')",
  stack: "TypeError: Cannot read properties of undefined (reading 'email')\n" +
    '    at file:///C:/Users/shiv/developer/PizzaApp-Backend/src/service/userService.js:20:57\n' +
    '    at file:///C:/Users/shiv/developer/PizzaApp-Backend/src/utils/errors/errorHandler.js:10:20\n' +
    '    at createUserController (file:///C:/Users/shiv/developer/PizzaApp-Backend/src/controller/userController.js:7:28)\n' +
    '    at Layer.handleRequest (C:\\Users\\shiv\\developer\\PizzaApp-Backend\\node_modules\\router\\lib\\layer.js:152:17)\n' +
    '    at next (C:\\Users\\shiv\\developer\\PizzaApp-Backend\\node_modules\\router\\lib\\route.js:157:13)\n' +
    '    at Route.dispatch (C:\\Users\\shiv\\developer\\PizzaApp-Backend\\node_modules\\router\\lib\\route.js:117:3)\n' +
    '    at handle (C:\\Users\\shiv\\developer\\PizzaApp-Backend\\node_modules\\router\\index.js:435:11)\n' +
    '    at Layer.handleRequest (C:\\Users\\shiv\\developer\\PizzaApp-Backend\\node_modules\\router\\lib\\layer.js:152:17)\n' +
    '    at C:\\Users\\shiv\\developer\\PizzaApp-Backend\\node_modules\\router\\index.js:295:15\n' +
    '    at processParams (C:\\Users\\shiv\\developer\\PizzaApp-Backend\\node_modules\\router\\index.js:582:12)',
  type: 'TypeError',
  level: 'error',
  timestamp: '2025-11-08T16:32:09.803Z'
}
{ level: 'error', timestamp: '2025-11-08T16:32:19.578Z' }
{
  message: "Unhandled error: Cannot read properties of undefined (reading 'email')",
  stack: "TypeError: Cannot read properties of undefined (reading 'email')\n" +
    '    at file:///C:/Users/shiv/developer/PizzaApp-Backend/src/service/userService.js:20:57\n' +
    '    at file:///C:/Users/shiv/developer/PizzaApp-Backend/src/utils/errors/errorHandler.js:10:20\n' +
    '    at createUserController (file:///C:/Users/shiv/developer/PizzaApp-Backend/src/controller/userController.js:7:28)\n' +
    '    at Layer.handleRequest (C:\\Users\\shiv\\developer\\PizzaApp-Backend\\node_modules\\router\\lib\\layer.js:152:17)\n' +
    '    at next (C:\\Users\\shiv\\developer\\PizzaApp-Backend\\node_modules\\router\\lib\\route.js:157:13)\n' +
    '    at Route.dispatch (C:\\Users\\shiv\\developer\\PizzaApp-Backend\\node_modules\\router\\lib\\route.js:117:3)\n' +
    '    at handle (C:\\Users\\shiv\\developer\\PizzaApp-Backend\\node_modules\\router\\index.js:435:11)\n' +
    '    at Layer.handleRequest (C:\\Users\\shiv\\developer\\PizzaApp-Backend\\node_modules\\router\\lib\\layer.js:152:17)\n' +
    '    at C:\\Users\\shiv\\developer\\PizzaApp-Backend\\node_modules\\router\\index.js:295:15\n' +
    '    at processParams (C:\\Users\\shiv\\developer\\PizzaApp-Backend\\node_modules\\router\\index.js:582:12)',
  type: 'TypeError',
  level: 'error',
  timestamp: '2025-11-08T16:32:19.585Z'
}
{
  errors: {
    password: ValidatorError: Path `password` is required.
        at validate (C:\Users\shiv\developer\PizzaApp-Backend\node_modules\mongoose\lib\schemaType.js:1417:13)
        at SchemaType.doValidate (C:\Users\shiv\developer\PizzaApp-Backend\node_modules\mongoose\lib\schemaType.js:1401:7)
        at C:\Users\shiv\developer\PizzaApp-Backend\node_modules\mongoose\lib\document.js:3115:18
        at process.processTicksAndRejections (node:internal/process/task_queues:85:11) {
      properties: {
        validator: [Function (anonymous)],
        message: 'Path `password` is required.',
        type: 'required',
        path: 'password',
        fullPath: undefined,
        value: undefined
      },
      kind: 'required',
      path: 'password',
      value: undefined,
      reason: undefined,
      [Symbol(mongoose#validatorError)]: true
    },
    email: ValidatorError: Path `email` is required.
        at validate (C:\Users\shiv\developer\PizzaApp-Backend\node_modules\mongoose\lib\schemaType.js:1417:13)
        at SchemaType.doValidate (C:\Users\shiv\developer\PizzaApp-Backend\node_modules\mongoose\lib\schemaType.js:1401:7)
        at C:\Users\shiv\developer\PizzaApp-Backend\node_modules\mongoose\lib\document.js:3115:18
        at process.processTicksAndRejections (node:internal/process/task_queues:85:11) {
      properties: {
        validator: [Function (anonymous)],
        message: 'Path `email` is required.',
        type: 'required',
        path: 'email',
        fullPath: undefined,
        value: undefined
      },
      kind: 'required',
      path: 'email',
      value: undefined,
      reason: undefined,
      [Symbol(mongoose#validatorError)]: true
    },
    userName: ValidatorError: Path `userName` is required.
        at validate (C:\Users\shiv\developer\PizzaApp-Backend\node_modules\mongoose\lib\schemaType.js:1417:13)
        at SchemaType.doValidate (C:\Users\shiv\developer\PizzaApp-Backend\node_modules\mongoose\lib\schemaType.js:1401:7)
        at C:\Users\shiv\developer\PizzaApp-Backend\node_modules\mongoose\lib\document.js:3115:18
        at process.processTicksAndRejections (node:internal/process/task_queues:85:11) {
      properties: {
        validator: [Function (anonymous)],
        message: 'Path `userName` is required.',
        type: 'required',
        path: 'userName',
        fullPath: undefined,
        value: undefined
      },
      kind: 'required',
      path: 'userName',
      value: undefined,
      reason: undefined,
      [Symbol(mongoose#validatorError)]: true
    },
    fullName: ValidatorError: Path `fullName` is required.
        at validate (C:\Users\shiv\developer\PizzaApp-Backend\node_modules\mongoose\lib\schemaType.js:1417:13)
        at SchemaType.doValidate (C:\Users\shiv\developer\PizzaApp-Backend\node_modules\mongoose\lib\schemaType.js:1401:7)
        at C:\Users\shiv\developer\PizzaApp-Backend\node_modules\mongoose\lib\document.js:3115:18
        at process.processTicksAndRejections (node:internal/process/task_queues:85:11) {
      properties: {
        validator: [Function (anonymous)],
        message: 'Path `fullName` is required.',
        type: 'required',
        path: 'fullName',
        fullPath: undefined,
        value: undefined
      },
      kind: 'required',
      path: 'fullName',
      value: undefined,
      reason: undefined,
      [Symbol(mongoose#validatorError)]: true
    }
  },
  _message: 'TempUser validation failed',
  level: 'error',
  timestamp: '2025-11-08T16:32:52.690Z'
}
{
  errors: {
    password: ValidatorError: Path `password` is required.
        at validate (C:\Users\shiv\developer\PizzaApp-Backend\node_modules\mongoose\lib\schemaType.js:1417:13)
        at SchemaType.doValidate (C:\Users\shiv\developer\PizzaApp-Backend\node_modules\mongoose\lib\schemaType.js:1401:7)
        at C:\Users\shiv\developer\PizzaApp-Backend\node_modules\mongoose\lib\document.js:3115:18
        at process.processTicksAndRejections (node:internal/process/task_queues:85:11) {
      properties: {
        validator: [Function (anonymous)],
        message: 'Path `password` is required.',
        type: 'required',
        path: 'password',
        fullPath: undefined,
        value: undefined
      },
      kind: 'required',
      path: 'password',
      value: undefined,
      reason: undefined,
      [Symbol(mongoose#validatorError)]: true
    },
    email: ValidatorError: Path `email` is required.
        at validate (C:\Users\shiv\developer\PizzaApp-Backend\node_modules\mongoose\lib\schemaType.js:1417:13)
        at SchemaType.doValidate (C:\Users\shiv\developer\PizzaApp-Backend\node_modules\mongoose\lib\schemaType.js:1401:7)
        at C:\Users\shiv\developer\PizzaApp-Backend\node_modules\mongoose\lib\document.js:3115:18
        at process.processTicksAndRejections (node:internal/process/task_queues:85:11) {
      properties: {
        validator: [Function (anonymous)],
        message: 'Path `email` is required.',
        type: 'required',
        path: 'email',
        fullPath: undefined,
        value: undefined
      },
      kind: 'required',
      path: 'email',
      value: undefined,
      reason: undefined,
      [Symbol(mongoose#validatorError)]: true
    },
    userName: ValidatorError: Path `userName` is required.
        at validate (C:\Users\shiv\developer\PizzaApp-Backend\node_modules\mongoose\lib\schemaType.js:1417:13)
        at SchemaType.doValidate (C:\Users\shiv\developer\PizzaApp-Backend\node_modules\mongoose\lib\schemaType.js:1401:7)
        at C:\Users\shiv\developer\PizzaApp-Backend\node_modules\mongoose\lib\document.js:3115:18
        at process.processTicksAndRejections (node:internal/process/task_queues:85:11) {
      properties: {
        validator: [Function (anonymous)],
        message: 'Path `userName` is required.',
        type: 'required',
        path: 'userName',
        fullPath: undefined,
        value: undefined
      },
      kind: 'required',
      path: 'userName',
      value: undefined,
      reason: undefined,
      [Symbol(mongoose#validatorError)]: true
    },
    fullName: ValidatorError: Path `fullName` is required.
        at validate (C:\Users\shiv\developer\PizzaApp-Backend\node_modules\mongoose\lib\schemaType.js:1417:13)
        at SchemaType.doValidate (C:\Users\shiv\developer\PizzaApp-Backend\node_modules\mongoose\lib\schemaType.js:1401:7)
        at C:\Users\shiv\developer\PizzaApp-Backend\node_modules\mongoose\lib\document.js:3115:18
        at process.processTicksAndRejections (node:internal/process/task_queues:85:11) {
      properties: {
        validator: [Function (anonymous)],
        message: 'Path `fullName` is required.',
        type: 'required',
        path: 'fullName',
        fullPath: undefined,
        value: undefined
      },
      kind: 'required',
      path: 'fullName',
      value: undefined,
      reason: undefined,
      [Symbol(mongoose#validatorError)]: true
    }
  },
  _message: 'TempUser validation failed',
  level: 'error',
  timestamp: '2025-11-08T16:32:54.513Z'
}
